Traceback (most recent call last):
  File "C:\Users\janko\AppData\Local\Programs\Python\Python310\lib\site-packages\jupyter_cache\executors\utils.py", line 58, in single_nb_execution
    executenb(
  File "C:\Users\janko\AppData\Local\Programs\Python\Python310\lib\site-packages\nbclient\client.py", line 1204, in execute
    return NotebookClient(nb=nb, resources=resources, km=km, **kwargs).execute()
  File "C:\Users\janko\AppData\Local\Programs\Python\Python310\lib\site-packages\nbclient\util.py", line 84, in wrapped
    return just_run(coro(*args, **kwargs))
  File "C:\Users\janko\AppData\Local\Programs\Python\Python310\lib\site-packages\nbclient\util.py", line 62, in just_run
    return loop.run_until_complete(coro)
  File "C:\Users\janko\AppData\Local\Programs\Python\Python310\lib\asyncio\base_events.py", line 646, in run_until_complete
    return future.result()
  File "C:\Users\janko\AppData\Local\Programs\Python\Python310\lib\site-packages\nbclient\client.py", line 663, in async_execute
    await self.async_execute_cell(
  File "C:\Users\janko\AppData\Local\Programs\Python\Python310\lib\site-packages\nbclient\client.py", line 965, in async_execute_cell
    await self._check_raise_for_error(cell, cell_index, exec_reply)
  File "C:\Users\janko\AppData\Local\Programs\Python\Python310\lib\site-packages\nbclient\client.py", line 862, in _check_raise_for_error
    raise CellExecutionError.from_cell_and_msg(cell, exec_reply_content)
nbclient.exceptions.CellExecutionError: An error occurred while executing the following cell:
------------------
from scipy import signal

odsekov = 10
N_ = N//odsekov
win = signal.windows.hann(N_)              # okno
scale = 1.0 / (fs*(win*win).sum())

G_fx = np.zeros(N_//2+1, dtype=complex) #brisanje
G_ff = np.zeros(N_//2+1, dtype=complex)
G_xf = np.zeros(N_//2+1, dtype=complex)
G_xx = np.zeros(N_//2+1, dtype=complex)


for i in range(odsekov):
    f_ = f[i*N_:(i+1)*N_]
    x_ = x[i*N_:(i+1)*N_]
    f_w = win*f_          # okno
    x_w = win*x_
    F = np.fft.rfft(f_w)  #fft
    X = np.fft.rfft(x_w)
    G_fx += scale*2*np.conj(F) * X / odsekov #povpreÄiti je potrebno cenilke avto in kriÅ¾nega spektra
    G_ff += scale*2*np.conj(F) * F / odsekov 
    G_xf += scale*2*np.conj(X) * F / odsekov 
    G_xx += scale*2*np.conj(X) * X / odsekov

freq = np.fft.rfftfreq(N_, d=dt)
H = alpha(freq, m=1, k=1e5, c=10)

H1 = G_fx/G_ff
H2 = G_xx/G_xf
Î³2 = np.abs(H1/H2)

sel = freq>=0
#sel = np.logical_and(freq>40, freq<60)    # za ogled dogajanja v lastni frekvenci
fig, ax = plt.subplots()
ax.set_title('Avtospektralna gostota moÄi - amplituda')
ax.semilogy(freq[sel], np.abs(H[sel]), label='$|H(f)|$')
ax.semilogy(freq[sel], np.abs(H1[sel]), label='$|\\hat H_1(f)|$', alpha=0.5)
ax.semilogy(freq[sel], np.abs(H2[sel]), label='$|\\hat H_2(f)|$', alpha=0.5)
ax.legend(loc=2)
ax2 = ax.twinx() 
ax2.plot(freq[sel], Î³2[sel], 'C4', label='$\\gamma^2(f)$')
ax2.set_xlabel('f [Hz]')
ax2.set_ylabel('$\\gamma^2$')
ax2.set_ylim(0,1.1)
ax2.legend(loc=1)
plt.show()

fig, ax = plt.subplots()
ax.set_title('Avtospektralna gostota moÄi - faza')
ax.plot(freq[sel], np.angle(H[sel]), label='$\\angle H(f)$')
ax.plot(freq[sel], np.angle(H1[sel]), label='$\\angle\\hat H_1(f)$', alpha=0.5)
ax.plot(freq[sel], np.angle(H2[sel]), label='$\\angle\\hat H_2(f)$', alpha=0.5)
ax.legend()
plt.show()
------------------

[1;31m---------------------------------------------------------------------------[0m
[1;31mNameError[0m                                 Traceback (most recent call last)
Input [1;32mIn [1][0m, in [0;36m<cell line: 4>[1;34m()[0m
[0;32m      1[0m [38;5;28;01mfrom[39;00m [38;5;21;01mscipy[39;00m [38;5;28;01mimport[39;00m signal
[0;32m      3[0m odsekov [38;5;241m=[39m [38;5;241m10[39m
[1;32m----> 4[0m N_ [38;5;241m=[39m [43mN[49m[38;5;241m/[39m[38;5;241m/[39modsekov
[0;32m      5[0m win [38;5;241m=[39m signal[38;5;241m.[39mwindows[38;5;241m.[39mhann(N_)              [38;5;66;03m# okno[39;00m
[0;32m      6[0m scale [38;5;241m=[39m [38;5;241m1.0[39m [38;5;241m/[39m (fs[38;5;241m*[39m(win[38;5;241m*[39mwin)[38;5;241m.[39msum())

[1;31mNameError[0m: name 'N' is not defined
NameError: name 'N' is not defined

