Traceback (most recent call last):
  File "C:\Users\janko\AppData\Local\Programs\Python\Python310\lib\site-packages\jupyter_cache\executors\utils.py", line 51, in single_nb_execution
    executenb(
  File "C:\Users\janko\AppData\Local\Programs\Python\Python310\lib\site-packages\nbclient\client.py", line 1204, in execute
    return NotebookClient(nb=nb, resources=resources, km=km, **kwargs).execute()
  File "C:\Users\janko\AppData\Local\Programs\Python\Python310\lib\site-packages\nbclient\util.py", line 84, in wrapped
    return just_run(coro(*args, **kwargs))
  File "C:\Users\janko\AppData\Local\Programs\Python\Python310\lib\site-packages\nbclient\util.py", line 62, in just_run
    return loop.run_until_complete(coro)
  File "C:\Users\janko\AppData\Local\Programs\Python\Python310\lib\asyncio\base_events.py", line 646, in run_until_complete
    return future.result()
  File "C:\Users\janko\AppData\Local\Programs\Python\Python310\lib\site-packages\nbclient\client.py", line 663, in async_execute
    await self.async_execute_cell(
  File "C:\Users\janko\AppData\Local\Programs\Python\Python310\lib\site-packages\nbclient\client.py", line 965, in async_execute_cell
    await self._check_raise_for_error(cell, cell_index, exec_reply)
  File "C:\Users\janko\AppData\Local\Programs\Python\Python310\lib\site-packages\nbclient\client.py", line 862, in _check_raise_for_error
    raise CellExecutionError.from_cell_and_msg(cell, exec_reply_content)
nbclient.exceptions.CellExecutionError: An error occurred while executing the following cell:
------------------
import numpy as np
import matplotlib.pyplot as plt
import pyExSi as es

fs = 44000
T = 4
t = np.linspace(0,T,fs*T+1)
x, _, fr = es.sine_sweep(time=t, freq_start=1, freq_stop=5, mode='linear', freq_return=True)

fig, ax1 = plt.subplots()
plt.title('Neperiodični podatki')

ax1.set_xlabel('Čas [s]')
ax1.set_ylabel('Frekvenčni prelet / žvižg', color='C0')
ax1.plot(t, x, color='C0', alpha=0.8)
ax1.tick_params(axis='y', labelcolor='C0')

ax2 = ax1.twinx() 
ax2.set_ylabel('Frekvenca [Hz]', color='C1')
ax2.plot(t, fr, color='C1', alpha=0.8) 
ax2.tick_params(axis='y', labelcolor='C1')
plt.show()
------------------

[1;31m---------------------------------------------------------------------------[0m
[1;31mModuleNotFoundError[0m                       Traceback (most recent call last)
Input [1;32mIn [8][0m, in [0;36m<cell line: 3>[1;34m()[0m
[0;32m      1[0m [38;5;28;01mimport[39;00m [38;5;21;01mnumpy[39;00m [38;5;28;01mas[39;00m [38;5;21;01mnp[39;00m
[0;32m      2[0m [38;5;28;01mimport[39;00m [38;5;21;01mmatplotlib[39;00m[38;5;21;01m.[39;00m[38;5;21;01mpyplot[39;00m [38;5;28;01mas[39;00m [38;5;21;01mplt[39;00m
[1;32m----> 3[0m [38;5;28;01mimport[39;00m [38;5;21;01mpyExSi[39;00m [38;5;28;01mas[39;00m [38;5;21;01mes[39;00m
[0;32m      5[0m fs [38;5;241m=[39m [38;5;241m44000[39m
[0;32m      6[0m T [38;5;241m=[39m [38;5;241m4[39m

[1;31mModuleNotFoundError[0m: No module named 'pyExSi'
ModuleNotFoundError: No module named 'pyExSi'

