Traceback (most recent call last):
  File "C:\Users\janko\AppData\Local\Programs\Python\Python310\lib\site-packages\jupyter_cache\executors\utils.py", line 51, in single_nb_execution
    executenb(
  File "C:\Users\janko\AppData\Local\Programs\Python\Python310\lib\site-packages\nbclient\client.py", line 1204, in execute
    return NotebookClient(nb=nb, resources=resources, km=km, **kwargs).execute()
  File "C:\Users\janko\AppData\Local\Programs\Python\Python310\lib\site-packages\nbclient\util.py", line 84, in wrapped
    return just_run(coro(*args, **kwargs))
  File "C:\Users\janko\AppData\Local\Programs\Python\Python310\lib\site-packages\nbclient\util.py", line 62, in just_run
    return loop.run_until_complete(coro)
  File "C:\Users\janko\AppData\Local\Programs\Python\Python310\lib\asyncio\base_events.py", line 646, in run_until_complete
    return future.result()
  File "C:\Users\janko\AppData\Local\Programs\Python\Python310\lib\site-packages\nbclient\client.py", line 663, in async_execute
    await self.async_execute_cell(
  File "C:\Users\janko\AppData\Local\Programs\Python\Python310\lib\site-packages\nbclient\client.py", line 965, in async_execute_cell
    await self._check_raise_for_error(cell, cell_index, exec_reply)
  File "C:\Users\janko\AppData\Local\Programs\Python\Python310\lib\site-packages\nbclient\client.py", line 862, in _check_raise_for_error
    raise CellExecutionError.from_cell_and_msg(cell, exec_reply_content)
nbclient.exceptions.CellExecutionError: An error occurred while executing the following cell:
------------------
import numpy as np
import matplotlib.pyplot as plt


T = 6
A = 1
t, dt = np.linspace(-0.5*T,1.5*T,201, retstep=True)
ω = 1
ϕ = 1

fig, ax1 = plt.subplots()
plt.title(f'Harmonska funkcija: $x(t) = A\,\sin(\\omega\,t+\\varphi); \\omega={ω}, \\varphi={ϕ}$ ')

ax1.set_xlabel('$t\\quad $[s]')
ax1.set_ylabel('$x(t)\quad$[]', color='C0')
ax1.tick_params(axis='y', labelcolor='C0')
ax1.vlines(0, -1.3, 1.3, 'k', lw=0.5)
ax1.hlines(0, np.min(t), np.max(t), 'k', lw=0.5)
ax1.plot(t, A*np.sin(ω*t+ϕ), label='Harmonski podatki', c='C1', lw=2, alpha=0.8) 
ax1.vlines(-ϕ+2*np.pi*np.arange(T/(ω*2*np.pi)+1), -1.3, 1.3, ls='-.', lw=1)
ax1.annotate('$\\varphi$',
            xy=(-ϕ, 1.1), xycoords='data',
            va='center', size='large',
            xytext=(0.1, 1.1), textcoords='data',
            arrowprops=dict(arrowstyle='->',
                            connectionstyle='arc3,rad=0',
                            color="k", shrinkA=0, shrinkB=0),
            )
ax1.hlines(A, 1., 3, ls='-.', lw=1)
ax1.annotate('$A$',
            xy=(2.5, 0), xycoords='data',
            ha='center', size='large',
            xytext=(2.5, A+.05), textcoords='data',
            arrowprops=dict(arrowstyle='<-',
                            connectionstyle='arc3,rad=0',
                            color="k", shrinkA=0, shrinkB=0),
            )
ax1.annotate('$T=\\frac{2\,\pi}{\\omega}$',
            xy=(-ϕ, -1.1), xycoords='data',
            va='center', size='large', 
            xytext=(2*np.pi-ϕ+0.1, -1.1), textcoords='data',
            arrowprops=dict(arrowstyle='<->',
                            connectionstyle='arc3,rad=0',
                            color="k", shrinkA=0, shrinkB=0),
            )
plt.show()
------------------

[1;31m---------------------------------------------------------------------------[0m
[1;31mModuleNotFoundError[0m                       Traceback (most recent call last)
Input [1;32mIn [1][0m, in [0;36m<cell line: 1>[1;34m()[0m
[1;32m----> 1[0m [38;5;28;01mimport[39;00m [38;5;21;01mnumpy[39;00m [38;5;28;01mas[39;00m [38;5;21;01mnp[39;00m
[0;32m      2[0m [38;5;28;01mimport[39;00m [38;5;21;01mmatplotlib[39;00m[38;5;21;01m.[39;00m[38;5;21;01mpyplot[39;00m [38;5;28;01mas[39;00m [38;5;21;01mplt[39;00m
[0;32m      5[0m T [38;5;241m=[39m [38;5;241m6[39m

[1;31mModuleNotFoundError[0m: No module named 'numpy'
ModuleNotFoundError: No module named 'numpy'

