Traceback (most recent call last):
  File "c:\python39\lib\site-packages\jupyter_cache\executors\utils.py", line 51, in single_nb_execution
    executenb(
  File "c:\python39\lib\site-packages\nbclient\client.py", line 1112, in execute
    return NotebookClient(nb=nb, resources=resources, km=km, **kwargs).execute()
  File "c:\python39\lib\site-packages\nbclient\util.py", line 74, in wrapped
    return just_run(coro(*args, **kwargs))
  File "c:\python39\lib\site-packages\nbclient\util.py", line 53, in just_run
    return loop.run_until_complete(coro)
  File "c:\python39\lib\asyncio\base_events.py", line 642, in run_until_complete
    return future.result()
  File "c:\python39\lib\site-packages\nbclient\client.py", line 553, in async_execute
    await self.async_execute_cell(
  File "c:\python39\lib\site-packages\nbclient\client.py", line 857, in async_execute_cell
    self._check_raise_for_error(cell, exec_reply)
  File "c:\python39\lib\site-packages\nbclient\client.py", line 760, in _check_raise_for_error
    raise CellExecutionError.from_cell_and_msg(cell, exec_reply_content)
nbclient.exceptions.CellExecutionError: An error occurred while executing the following cell:
------------------
import numpy as np
import matplotlib.pyplot as plt


Tp = 2
t, dt = np.linspace(-0.5*Tp,2.5*Tp,300, retstep=True)
a0 = 1.
N = 10
rg = np.random.default_rng(0)
a = rg.normal(size=N)*1/np.arange(1,N+1)**2 #skaliranje na koncu, da imajo višje komponente imajo manjšo amplitudo
b = rg.normal(size=N)*1/np.arange(1,N+1)**2
x = a0/2
for n in range(N):
    x += a[n]*np.cos(2*np.pi*(n+1)*t/Tp) + b[n]*np.sin(2*np.pi*(n+1)*t/Tp)

fig, ax1 = plt.subplots()
plt.title(f'Harmonska funkcija: $x(t) = \sin(\\omega\,t+\\varphi); \\omega={ω}, \\varphi={ϕ}$ ')

ax1.set_xlabel('$t\\quad $[s]')
ax1.set_ylabel('$x(t)\quad$[-]', color='C1')
ax1.tick_params(axis='y', labelcolor='C1')
ax1.vlines(0, -2, 2, 'k', lw=0.5)
ax1.hlines(0, np.min(t), np.max(t), 'k', lw=0.5)
ax1.plot(t, x, label='Periodični podatki', c='C1', lw=2, alpha=0.8) 
ax1.vlines([0, Tp], -2, 2, ls='-.', lw=1)
ax1.hlines(a0/2, np.min(t), np.max(t), ls='-.', lw=1)
ax1.annotate('$\\frac{a_0}{2}$',
            xy=(2.5, 0), xycoords='data',
            ha='center', size='large',
            xytext=(2.5, a0/2+.15), textcoords='data',
            arrowprops=dict(arrowstyle='<-',
                            connectionstyle='arc3,rad=0',
                            color="k", shrinkA=0, shrinkB=0),
            )
ax1.annotate('$T_{p}$',
            xy=(0, -0.5), xycoords='data',
            va='center', size='large', 
            xytext=(Tp+0.05, -0.5), textcoords='data',
            arrowprops=dict(arrowstyle='<->',
                            connectionstyle='arc3,rad=0',
                            color="k", shrinkA=0, shrinkB=0),
            )
plt.ylim(-1,2)
plt.show()
------------------

[1;31m---------------------------------------------------------------------------[0m
[1;31mNameError[0m                                 Traceback (most recent call last)
[1;32m~\AppData\Local\Temp/ipykernel_22400/1263292300.py[0m in [0;36m<module>[1;34m[0m
[0;32m     15[0m [1;33m[0m[0m
[0;32m     16[0m [0mfig[0m[1;33m,[0m [0max1[0m [1;33m=[0m [0mplt[0m[1;33m.[0m[0msubplots[0m[1;33m([0m[1;33m)[0m[1;33m[0m[1;33m[0m[0m
[1;32m---> 17[1;33m [0mplt[0m[1;33m.[0m[0mtitle[0m[1;33m([0m[1;34mf'Harmonska funkcija: $x(t) = \sin(\\omega\,t+\\varphi); \\omega={ω}, \\varphi={ϕ}$ '[0m[1;33m)[0m[1;33m[0m[1;33m[0m[0m
[0m[0;32m     18[0m [1;33m[0m[0m
[0;32m     19[0m [0max1[0m[1;33m.[0m[0mset_xlabel[0m[1;33m([0m[1;34m'$t\\quad $[s]'[0m[1;33m)[0m[1;33m[0m[1;33m[0m[0m

[1;31mNameError[0m: name 'ω' is not defined
NameError: name 'ω' is not defined

