Traceback (most recent call last):
  File "C:\Users\janko\AppData\Local\Programs\Python\Python310\lib\site-packages\jupyter_cache\executors\utils.py", line 51, in single_nb_execution
    executenb(
  File "C:\Users\janko\AppData\Local\Programs\Python\Python310\lib\site-packages\nbclient\client.py", line 1204, in execute
    return NotebookClient(nb=nb, resources=resources, km=km, **kwargs).execute()
  File "C:\Users\janko\AppData\Local\Programs\Python\Python310\lib\site-packages\nbclient\util.py", line 84, in wrapped
    return just_run(coro(*args, **kwargs))
  File "C:\Users\janko\AppData\Local\Programs\Python\Python310\lib\site-packages\nbclient\util.py", line 62, in just_run
    return loop.run_until_complete(coro)
  File "C:\Users\janko\AppData\Local\Programs\Python\Python310\lib\asyncio\base_events.py", line 646, in run_until_complete
    return future.result()
  File "C:\Users\janko\AppData\Local\Programs\Python\Python310\lib\site-packages\nbclient\client.py", line 663, in async_execute
    await self.async_execute_cell(
  File "C:\Users\janko\AppData\Local\Programs\Python\Python310\lib\site-packages\nbclient\client.py", line 965, in async_execute_cell
    await self._check_raise_for_error(cell, cell_index, exec_reply)
  File "C:\Users\janko\AppData\Local\Programs\Python\Python310\lib\site-packages\nbclient\client.py", line 862, in _check_raise_for_error
    raise CellExecutionError.from_cell_and_msg(cell, exec_reply_content)
nbclient.exceptions.CellExecutionError: An error occurred while executing the following cell:
------------------
import numpy as np
import matplotlib.pyplot as plt

rng = np.random.default_rng(0)
N = 5000
fs = 250
dt = 1./fs
f = rng.normal(size=N)
time = np.arange(N)*dt

F = np.fft.rfft(f)
scale = 1.0 / (fs*N)
freq = np.fft.rfftfreq(N, d=dt)
G_ff = 2*scale*np.abs(F.conj()*F)

def alpha(freq, m, k, c):
    """
    Frekvenčna prenosna funkcija linearnega oscilatorja.
    """
    omega = 2*np.pi*freq
    return 1 / (-omega**2*m + 1j*omega*c + k)

H = alpha(freq, m=1,k=1e5,c=10)
G_xx = np.abs(H.conj()*H*G_ff)
G_fx = H*G_ff

plt.title('Avto-spektralna gostota moči')
plt.semilogy(freq, G_ff, label='Vzbujanje $G_{ff}$')
plt.semilogy(freq, G_xx, label='Odziv $G_{xx}$')
plt.xlabel('Frekvenca [Hz]')
plt.legend()
plt.show()


fig, ax = plt.subplots()
ax.set_title('Avtospektralna gostota moči')
ax.semilogy(freq, np.abs(G_fx), label='$|G_{fx}(f)|$')
ax.legend(loc=3)
ax.set_xlabel('f [Hz]')
ax.set_ylabel('$|G_{fx}(f)|$')
ax2 = ax.twinx() 
ax2.plot(freq, np.angle(G_fx), 'C1', label='$\\angle G_{fx}(f)$')
ax2.set_xlabel('f [Hz]')
ax2.set_ylabel('$\\angle G_{fx}(f)$ [rad]')
ax2.legend(loc=4)
plt.show()
------------------

[1;31m---------------------------------------------------------------------------[0m
[1;31mModuleNotFoundError[0m                       Traceback (most recent call last)
Input [1;32mIn [1][0m, in [0;36m<cell line: 1>[1;34m()[0m
[1;32m----> 1[0m [38;5;28;01mimport[39;00m [38;5;21;01mnumpy[39;00m [38;5;28;01mas[39;00m [38;5;21;01mnp[39;00m
[0;32m      2[0m [38;5;28;01mimport[39;00m [38;5;21;01mmatplotlib[39;00m[38;5;21;01m.[39;00m[38;5;21;01mpyplot[39;00m [38;5;28;01mas[39;00m [38;5;21;01mplt[39;00m
[0;32m      4[0m rng [38;5;241m=[39m np[38;5;241m.[39mrandom[38;5;241m.[39mdefault_rng([38;5;241m0[39m)

[1;31mModuleNotFoundError[0m: No module named 'numpy'
ModuleNotFoundError: No module named 'numpy'

